<?xml version="1.0" encoding="UTF-8"?>
<!-- Generated by org.testng.reporters.JUnitReportReporter -->
<testsuite skipped="0" hostname="SaileshReddy-PC" name="homePage.PrimePagesHomePage" tests="1" failures="0" timestamp="28 Nov 2018 12:56:30 GMT" time="22.048" errors="0">
  <testcase name="VerifyHomePage" time="22.048" classname="homePage.PrimePagesHomePage"/>
</testsuite> <!-- homePage.PrimePagesHomePage -->
