<?xml version="1.0" encoding="UTF-8"?>
<!-- Generated by org.testng.reporters.JUnitReportReporter -->
<testsuite skipped="0" hostname="SaileshReddy-PC" name="homePage.SignupAndLoginToPrimePages" tests="1" failures="0" timestamp="30 Nov 2018 12:15:36 GMT" time="62.612" errors="0">
  <testcase name="VerifyHomePage" time="62.612" classname="homePage.SignupAndLoginToPrimePages"/>
</testsuite> <!-- homePage.SignupAndLoginToPrimePages -->
